procID: 0 , subtable: 0.000000 
procID: 0 , subtable: 1.000000 
procID: 0 , subtable: 2.000000 
procID: 0 , subtable: 3.000000 
24.000000 
-0.000000 
procID: 1 , subtable: 4.000000 
procID: 1 , subtable: 5.000000 
procID: 1 , subtable: 6.000000 
procID: 1 , subtable: 7.000000 
procID: 2 , subtable: 8.000000 
procID: 2 , subtable: 9.000000 
procID: 2 , subtable: 10.000000 
procID: 2 , subtable: 11.000000 
procID: 3 , subtable: 12.000000 
procID: 3 , subtable: 13.000000 
procID: 3 , subtable: 14.000000 
procID: 3 , subtable: 15.000000 
-0.000000 
0.000000 
0.000000 
0.000000 
0.000000 
0.000000 
